{
  "RSpec": {
    "coverage": {
      "/Users/Mimi/turing/3module/projects/little-shop/app/helpers/application_helper.rb": [
        1,
        null
      ],
      "/Users/Mimi/turing/3module/projects/little-shop/app/helpers/categories_helper.rb": [
        1,
        null
      ],
      "/Users/Mimi/turing/3module/projects/little-shop/app/helpers/dashboard_helper.rb": [
        1,
        null
      ],
      "/Users/Mimi/turing/3module/projects/little-shop/app/helpers/home_helper.rb": [
        1,
        null
      ],
      "/Users/Mimi/turing/3module/projects/little-shop/app/helpers/orders_helper.rb": [
        1,
        null
      ],
      "/Users/Mimi/turing/3module/projects/little-shop/app/helpers/sessions_helper.rb": [
        1,
        null
      ],
      "/Users/Mimi/turing/3module/projects/little-shop/app/helpers/users_helper.rb": [
        1,
        null
      ],
      "/Users/Mimi/turing/3module/projects/little-shop/app/models/user.rb": [
        1,
        1,
        null,
        1,
        1,
        null,
        1,
        1,
        1,
        1,
        null,
        1,
        1,
        null,
        null,
        1,
        3,
        null,
        null,
        null
      ],
      "/Users/Mimi/turing/3module/projects/little-shop/app/models/application_record.rb": [
        1,
        1,
        null
      ],
      "/Users/Mimi/turing/3module/projects/little-shop/app/models/store.rb": [
        1,
        1,
        1,
        1,
        1,
        1,
        null
      ],
      "/Users/Mimi/turing/3module/projects/little-shop/app/models/item.rb": [
        1,
        1,
        1,
        null,
        1,
        1,
        null,
        1,
        1,
        null,
        1,
        1,
        null
      ],
      "/Users/Mimi/turing/3module/projects/little-shop/app/models/user_role.rb": [
        1,
        1,
        1,
        1,
        null
      ],
      "/Users/Mimi/turing/3module/projects/little-shop/app/models/role.rb": [
        1,
        1,
        1,
        null
      ],
      "/Users/Mimi/turing/3module/projects/little-shop/app/controllers/home_controller.rb": [
        1,
        null,
        1,
        null,
        null,
        null
      ],
      "/Users/Mimi/turing/3module/projects/little-shop/app/controllers/application_controller.rb": [
        1,
        1,
        1,
        1,
        1,
        1,
        1,
        1,
        null,
        1,
        16,
        null,
        null,
        1,
        4,
        null,
        null,
        1,
        3,
        null,
        null,
        1,
        0,
        null,
        null,
        1,
        1,
        null,
        null,
        null
      ],
      "/Users/Mimi/turing/3module/projects/little-shop/app/models/cart.rb": [
        1,
        1,
        null,
        1,
        4,
        null,
        null,
        1,
        0,
        null,
        null,
        1,
        0,
        null,
        null,
        1,
        3,
        null,
        null,
        1,
        0,
        0,
        0,
        0,
        null,
        0,
        null,
        null,
        1,
        0,
        null,
        null,
        1,
        0,
        null,
        null,
        1,
        0,
        0,
        0,
        null,
        null,
        null,
        1,
        0,
        null,
        null,
        1,
        0,
        0,
        0,
        null,
        0,
        null,
        null,
        1,
        0,
        null,
        null,
        1,
        0,
        null,
        null,
        null
      ],
      "/Users/Mimi/turing/3module/projects/little-shop/app/controllers/sessions_controller.rb": [
        1,
        null,
        1,
        null,
        null,
        1,
        1,
        1,
        1,
        1,
        1,
        0,
        0,
        0,
        0,
        null,
        0,
        0,
        null,
        null,
        null,
        1,
        0,
        0,
        null,
        null
      ],
      "/Users/Mimi/turing/3module/projects/little-shop/app/controllers/admin/users_controller.rb": [
        1,
        null,
        1,
        null,
        1,
        1,
        null,
        null
      ],
      "/Users/Mimi/turing/3module/projects/little-shop/app/models/order.rb": [
        1,
        1,
        null,
        1,
        1,
        null,
        1,
        null,
        1,
        null,
        1,
        0,
        0,
        0,
        0,
        0,
        null,
        null,
        null,
        1,
        0,
        null,
        null,
        1,
        0,
        null,
        null,
        1,
        1,
        null,
        null,
        1,
        1,
        null,
        null,
        1,
        1,
        null,
        null,
        1,
        1,
        null,
        null,
        1,
        0,
        null,
        null,
        1,
        0,
        null,
        null,
        1,
        0,
        null,
        null,
        1,
        0,
        null,
        null,
        null
      ],
      "/Users/Mimi/turing/3module/projects/little-shop/app/channels/application_cable/channel.rb": [
        0,
        0,
        0,
        0
      ],
      "/Users/Mimi/turing/3module/projects/little-shop/app/channels/application_cable/connection.rb": [
        0,
        0,
        0,
        0
      ],
      "/Users/Mimi/turing/3module/projects/little-shop/app/controllers/admin/items_controller.rb": [
        0,
        0,
        0,
        null,
        0,
        0,
        0,
        null,
        0,
        0,
        0,
        null,
        0,
        0,
        0,
        0,
        0,
        0,
        0,
        0,
        0,
        null,
        0,
        0,
        null,
        0,
        0,
        0,
        null,
        0,
        0,
        0,
        null,
        0,
        0,
        null,
        0,
        null,
        null,
        0,
        null,
        0,
        0,
        0,
        null,
        0,
        0,
        0,
        null,
        0,
        0,
        0,
        0
      ],
      "/Users/Mimi/turing/3module/projects/little-shop/app/controllers/admin/orders_controller.rb": [
        0,
        0,
        null,
        0,
        0,
        0,
        null,
        0,
        0,
        0,
        null,
        0,
        0,
        0,
        null,
        0,
        0,
        0,
        null,
        0,
        0,
        0,
        0
      ],
      "/Users/Mimi/turing/3module/projects/little-shop/app/controllers/carts_controller.rb": [
        0,
        0,
        null,
        0,
        0,
        null,
        0,
        0,
        null,
        0,
        0,
        0,
        null,
        0,
        0,
        0,
        0,
        null,
        0,
        null,
        null,
        0,
        0,
        0,
        null,
        0,
        0,
        null,
        0,
        0,
        0,
        0,
        0,
        0,
        0,
        0,
        null,
        null,
        null,
        null,
        0
      ],
      "/Users/Mimi/turing/3module/projects/little-shop/app/controllers/categories_controller.rb": [
        0,
        null,
        0,
        null,
        0,
        null,
        0,
        0,
        0,
        null,
        0
      ],
      "/Users/Mimi/turing/3module/projects/little-shop/app/controllers/items_controller.rb": [
        0,
        0,
        0,
        0,
        null,
        0,
        0,
        0,
        null,
        0,
        0,
        0,
        0,
        0,
        null,
        0,
        null,
        0,
        0,
        0,
        0,
        0,
        0,
        0,
        0
      ],
      "/Users/Mimi/turing/3module/projects/little-shop/app/controllers/orders_controller.rb": [
        0,
        0,
        0,
        0,
        null,
        0,
        0,
        0,
        0,
        0,
        0,
        0,
        0,
        0,
        null,
        0,
        0,
        0,
        0,
        0,
        0,
        0,
        0,
        null,
        0,
        0,
        0,
        0,
        0,
        null,
        0,
        0,
        0,
        0,
        0,
        null,
        0,
        0,
        0,
        0,
        0,
        null,
        0,
        null,
        0,
        0,
        0,
        0,
        0,
        0,
        0,
        null,
        0,
        0,
        0,
        0,
        0,
        0,
        0,
        null,
        0,
        0,
        0,
        0,
        0,
        0,
        0,
        0
      ],
      "/Users/Mimi/turing/3module/projects/little-shop/app/controllers/stores_controller.rb": [
        0,
        null,
        0,
        0,
        0,
        null,
        0,
        0,
        0,
        null,
        0
      ],
      "/Users/Mimi/turing/3module/projects/little-shop/app/controllers/users_controller.rb": [
        0,
        0,
        null,
        null,
        0,
        0,
        0,
        null,
        0,
        0,
        0,
        0,
        0,
        0,
        0,
        0,
        0,
        0,
        null,
        0,
        0,
        null,
        0,
        0,
        null,
        0,
        0,
        0,
        0,
        0,
        0,
        0,
        0,
        0,
        0,
        0,
        null,
        0,
        null,
        0,
        0,
        0,
        null,
        0,
        0,
        0,
        0,
        0,
        0,
        null,
        null,
        null,
        null,
        0
      ],
      "/Users/Mimi/turing/3module/projects/little-shop/app/jobs/application_job.rb": [
        0,
        0
      ],
      "/Users/Mimi/turing/3module/projects/little-shop/app/mailers/application_mailer.rb": [
        0,
        0,
        0,
        0
      ],
      "/Users/Mimi/turing/3module/projects/little-shop/app/models/category.rb": [
        0,
        0,
        0,
        0,
        null,
        0,
        0,
        null,
        0
      ],
      "/Users/Mimi/turing/3module/projects/little-shop/app/models/item_category.rb": [
        0,
        0,
        0,
        0
      ],
      "/Users/Mimi/turing/3module/projects/little-shop/app/models/order_item.rb": [
        0,
        0,
        0,
        0
      ]
    },
    "timestamp": 1508621714
  }
}
